#
# A fatal error has been detected by the Java Runtime Environment:
#
#  EXCEPTION_ACCESS_VIOLATION (0xc0000005) at pc=0x6d167180, pid=3632, tid=6820
#
# JRE version: 6.0_27-b07
# Java VM: Java HotSpot(TM) Client VM (20.2-b06 mixed mode, sharing windows-x86 )
# Problematic frame:
# C  [awt.dll+0xb7180]
#
# If you would like to submit a bug report, please visit:
#   http://java.sun.com/webapps/bugreport/crash.jsp
# The crash happened outside the Java Virtual Machine in native code.
# See problematic frame for where to report the bug.
#

---------------  T H R E A D  ---------------

Current thread (0x01a4d800):  JavaThread "AWT-Windows" daemon [_thread_in_native, id=6820, stack(0x04120000,0x04170000)]

siginfo: ExceptionCode=0xc0000005, reading address 0x00000000

Registers:
EAX=0x0416f774, EBX=0x081f0ca0, ECX=0x0000022e, EDX=0x00000180
ESP=0x0416f75c, EBP=0x0416f908, ESI=0x00000000, EDI=0x00000180
EIP=0x6d167180, EFLAGS=0x00010202

Top of Stack: (sp=0x0416f75c)
0x0416f75c:   0416f774 00001000 000003d8 081e8d78
0x0416f76c:   00000270 000003d8 081e8d78 6d15f3ab
0x0416f77c:   00000000 081e9008 081e8d78 081e8d78
0x0416f78c:   0416f76c 0416f908 00000296 000003d8
0x0416f79c:   081e8d78 6d162d6f 44760000 44258000
0x0416f7ac:   000003d8 00000296 081e8ff4 6d163831
0x0416f7bc:   6d163ccd 000003ce 00000000 000003d8
0x0416f7cc:   00000270 00009825 01a4d928 00000001 

Instructions: (pc=0x6d167180)
0x6d167160:   d8 56 8b b3 10 a0 00 00 1b c0 57 25 00 f0 ff ff
0x6d167170:   05 00 20 00 00 50 c1 e2 05 8d 44 24 14 50 8b fa
0x6d167180:   8b 16 57 c1 e1 05 51 56 ff 52 2c 85 c0 0f 8c 93
0x6d167190:   00 00 00 8b 53 04 8b cf 8b 7c 24 10 8b c1 c1 e9 


Register to memory mapping:

EAX=0x0416f774 is pointing into the stack for thread: 0x01a4d800
EBX=0x081f0ca0 is an unknown value
ECX=0x0000022e is an unknown value
EDX=0x00000180 is an unknown value
ESP=0x0416f75c is pointing into the stack for thread: 0x01a4d800
EBP=0x0416f908 is pointing into the stack for thread: 0x01a4d800
ESI=0x00000000 is an unknown value
EDI=0x00000180 is an unknown value


Stack: [0x04120000,0x04170000],  sp=0x0416f75c,  free space=317k
Native frames: (J=compiled Java code, j=interpreted, Vv=VM code, C=native code)
C  [awt.dll+0xb7180]  D3DVertexCacher::Render+0x50
C  [awt.dll+0x9ce0a]  Java_sun_awt_windows_WToolkit_loadSystemColors+0x94a
C  [USER32.dll+0x186ef]  IsThreadDesktopComposited+0x11f
C  [USER32.dll+0x18876]  IsThreadDesktopComposited+0x2a6
C  [USER32.dll+0x170f4]  InflateRect+0x74
C  [USER32.dll+0x1738f]  DefWindowProcW+0x144
C  [ntdll.dll+0x460ce]  KiUserCallbackDispatcher+0x2e
C  [USER32.dll+0x192a9]  PeekMessageW+0xf4

Java frames: (J=compiled Java code, j=interpreted, Vv=VM code)
j  sun.awt.windows.WToolkit.eventLoop()V+0
j  sun.awt.windows.WToolkit.run()V+52
j  java.lang.Thread.run()V+11
v  ~StubRoutines::call_stub

---------------  P R O C E S S  ---------------

Java Threads: ( => current thread )
  0x083d3c00 JavaThread "TimerQueue" daemon [_thread_blocked, id=7008, stack(0x0b6a0000,0x0b6f0000)]
  0x083d3400 JavaThread "D3D Screen Updater" daemon [_thread_blocked, id=5884, stack(0x0ab00000,0x0ab50000)]
  0x01a79400 JavaThread "DestroyJavaVM" [_thread_blocked, id=1440, stack(0x00260000,0x002b0000)]
  0x01a4e000 JavaThread "AWT-EventQueue-0" [_thread_blocked, id=7480, stack(0x08190000,0x081e0000)]
=>0x01a4d800 JavaThread "AWT-Windows" daemon [_thread_in_native, id=6820, stack(0x04120000,0x04170000)]
  0x01a4d000 JavaThread "AWT-Shutdown" [_thread_blocked, id=7952, stack(0x040d0000,0x04120000)]
  0x01a4a800 JavaThread "Java2D Disposer" daemon [_thread_in_native, id=6396, stack(0x04080000,0x040d0000)]
  0x019df000 JavaThread "Low Memory Detector" daemon [_thread_blocked, id=5328, stack(0x03df0000,0x03e40000)]
  0x019cd400 JavaThread "C1 CompilerThread0" daemon [_thread_blocked, id=1188, stack(0x03da0000,0x03df0000)]
  0x019ca400 JavaThread "Attach Listener" daemon [_thread_blocked, id=6928, stack(0x03d50000,0x03da0000)]
  0x019c7000 JavaThread "Signal Dispatcher" daemon [_thread_blocked, id=7664, stack(0x03d00000,0x03d50000)]
  0x019c1800 JavaThread "Finalizer" daemon [_thread_blocked, id=6888, stack(0x03cb0000,0x03d00000)]
  0x019bc800 JavaThread "Reference Handler" daemon [_thread_blocked, id=4892, stack(0x03c60000,0x03cb0000)]

Other Threads:
  0x01980c00 VMThread [stack: 0x03c10000,0x03c60000] [id=6360]
  0x019e0800 WatcherThread [stack: 0x03e40000,0x03e90000] [id=7004]

VM state:not at safepoint (normal execution)

VM Mutex/Monitor currently owned by a thread: None

Heap
 def new generation   total 4928K, used 2940K [0x23c50000, 0x241a0000, 0x291a0000)
  eden space 4416K,  62% used [0x23c50000, 0x23f04060, 0x240a0000)
  from space 512K,  33% used [0x240a0000, 0x240cb038, 0x24120000)
  to   space 512K,   0% used [0x24120000, 0x24120000, 0x241a0000)
 tenured generation   total 10944K, used 843K [0x291a0000, 0x29c50000, 0x33c50000)
   the space 10944K,   7% used [0x291a0000, 0x29272c10, 0x29272e00, 0x29c50000)
 compacting perm gen  total 12288K, used 1879K [0x33c50000, 0x34850000, 0x37c50000)
   the space 12288K,  15% used [0x33c50000, 0x33e25d18, 0x33e25e00, 0x34850000)
    ro space 10240K,  54% used [0x37c50000, 0x381cf548, 0x381cf600, 0x38650000)
    rw space 12288K,  55% used [0x38650000, 0x38cf5140, 0x38cf5200, 0x39250000)

Code Cache  [0x01a80000, 0x01b48000, 0x03a80000)
 total_blobs=410 nmethods=201 adapters=145 free_code_cache=32749632 largest_free_block=0

Dynamic libraries:
0x00400000 - 0x00424000 	D:\Program Files\Java\jdk1.6.0_27\bin\javaw.exe
0x77700000 - 0x7783c000 	C:\Windows\SYSTEM32\ntdll.dll
0x75c10000 - 0x75ce4000 	C:\Windows\system32\kernel32.dll
0x75820000 - 0x7586a000 	C:\Windows\system32\KERNELBASE.dll
0x77420000 - 0x774c0000 	C:\Windows\system32\ADVAPI32.dll
0x75ec0000 - 0x75f6c000 	C:\Windows\system32\msvcrt.dll
0x77860000 - 0x77879000 	C:\Windows\SYSTEM32\sechost.dll
0x75f70000 - 0x76011000 	C:\Windows\system32\RPCRT4.dll
0x770f0000 - 0x771b9000 	C:\Windows\system32\USER32.dll
0x773d0000 - 0x7741e000 	C:\Windows\system32\GDI32.dll
0x77590000 - 0x7759a000 	C:\Windows\system32\LPK.dll
0x77880000 - 0x7791d000 	C:\Windows\system32\USP10.dll
0x75b70000 - 0x75b8f000 	C:\Windows\system32\IMM32.DLL
0x76fe0000 - 0x770ac000 	C:\Windows\system32\MSCTF.dll
0x7c340000 - 0x7c396000 	D:\Program Files\Java\jdk1.6.0_27\jre\bin\msvcr71.dll
0x6d8a0000 - 0x6db4f000 	D:\Program Files\Java\jdk1.6.0_27\jre\bin\client\jvm.dll
0x75890000 - 0x758c2000 	C:\Windows\system32\WINMM.dll
0x6d850000 - 0x6d85c000 	D:\Program Files\Java\jdk1.6.0_27\jre\bin\verify.dll
0x6d3d0000 - 0x6d3ef000 	D:\Program Files\Java\jdk1.6.0_27\jre\bin\java.dll
0x6d890000 - 0x6d89f000 	D:\Program Files\Java\jdk1.6.0_27\jre\bin\zip.dll
0x6d0b0000 - 0x6d1fc000 	D:\Program Files\Java\jdk1.6.0_27\jre\bin\awt.dll
0x715b0000 - 0x71601000 	C:\Windows\system32\WINSPOOL.DRV
0x775a0000 - 0x776fc000 	C:\Windows\system32\ole32.dll
0x74650000 - 0x747ee000 	C:\Windows\WinSxS\x86_microsoft.windows.common-controls_6595b64144ccf1df_6.0.7600.16661_none_420fe3fa2b8113bd\COMCTL32.dll
0x77370000 - 0x773c7000 	C:\Windows\system32\SHLWAPI.dll
0x73f60000 - 0x73f73000 	C:\Windows\system32\DWMAPI.DLL
0x770b0000 - 0x770f0000 	C:\Windows\system32\uxtheme.dll
0x10000000 - 0x1014b000 	d:\Program Files\KSafe\ksfmon.dll
0x77550000 - 0x77585000 	C:\Windows\system32\WS2_32.dll
0x76020000 - 0x76026000 	C:\Windows\system32\NSI.dll
0x04340000 - 0x043b9000 	D:\Program Files\Kingsoft\Kingsoft Antivirus\kwsui.dll
0x771c0000 - 0x771c5000 	C:\Windows\system32\PSAPI.DLL
0x76390000 - 0x76fd9000 	C:\Windows\system32\SHELL32.dll
0x75e30000 - 0x75ebf000 	C:\Windows\system32\OLEAUT32.dll
0x74ca0000 - 0x74ca9000 	C:\Windows\system32\VERSION.dll
0x04560000 - 0x04646000 	D:\Program Files\Kingsoft\Kingsoft Antivirus\kswebshield.dll
0x76230000 - 0x76325000 	C:\Windows\system32\WININET.dll
0x75cf0000 - 0x75e26000 	C:\Windows\system32\urlmon.dll
0x759c0000 - 0x75adc000 	C:\Windows\system32\CRYPT32.dll
0x75810000 - 0x7581c000 	C:\Windows\system32\MSASN1.dll
0x76030000 - 0x7622d000 	C:\Windows\system32\iertutil.dll
0x733e0000 - 0x7341c000 	C:\Windows\system32\OLEACC.dll
0x756d0000 - 0x7571b000 	C:\Windows\system32\apphelp.dll
0x04850000 - 0x04af6000 	C:\Windows\system32\SOGOUPY.IME
0x73570000 - 0x73575000 	C:\Windows\system32\MSIMG32.dll
0x741d0000 - 0x741f1000 	C:\Windows\system32\ntmarta.dll
0x76340000 - 0x76385000 	C:\Windows\system32\WLDAP32.dll
0x04c00000 - 0x04c73000 	D:\SogouInput\6.1.0.6700\Resource.dll
0x75720000 - 0x7572c000 	C:\Windows\system32\CRYPTBASE.dll
0x6d2e0000 - 0x6d32f000 	D:\Program Files\Java\jdk1.6.0_27\jre\bin\fontmanager.dll
0x6c170000 - 0x6c333000 	C:\Windows\system32\d3d9.dll
0x71e60000 - 0x71e66000 	C:\Windows\system32\d3d8thk.dll
0x67d10000 - 0x6848c000 	C:\Windows\system32\nvd3dum.dll
0x74820000 - 0x74845000 	C:\Windows\system32\powrprof.dll
0x771d0000 - 0x7736d000 	C:\Windows\system32\SETUPAPI.dll
0x75990000 - 0x759b7000 	C:\Windows\system32\CFGMGR32.dll
0x75870000 - 0x75882000 	C:\Windows\system32\DEVOBJ.dll
0x6d6b0000 - 0x6d6c3000 	D:\Program Files\Java\jdk1.6.0_27\jre\bin\net.dll
0x75210000 - 0x7524c000 	C:\Windows\system32\mswsock.dll
0x75200000 - 0x75206000 	C:\Windows\System32\wship6.dll
0x74d30000 - 0x74d35000 	C:\Windows\System32\wshtcpip.dll
0x750d0000 - 0x75114000 	C:\Windows\system32\DNSAPI.dll
0x73cb0000 - 0x73ccc000 	C:\Windows\system32\IPHLPAPI.DLL
0x73ca0000 - 0x73ca7000 	C:\Windows\system32\WINNSI.DLL
0x71390000 - 0x71396000 	C:\Windows\system32\rasadhlp.dll
0x73ad0000 - 0x73b08000 	C:\Windows\System32\fwpuclnt.dll
0x6d6d0000 - 0x6d6d9000 	D:\Program Files\Java\jdk1.6.0_27\jre\bin\nio.dll

VM Arguments:
jvm_args: -Dfile.encoding=GBK 
java_command: Frame
Launcher Type: SUN_STANDARD

Environment Variables:
JAVA_HOME=D:\Program Files\Java\jdk1.6.0_27
PATH=D:/Program Files/Java/jdk1.6.0_27/bin/../jre/bin/client;D:/Program Files/Java/jdk1.6.0_27/bin/../jre/bin;D:/Program Files/Java/jdk1.6.0_27/bin/../jre/lib/i386;D:\Program Files\Java\jdk1.6.0_27\bin;C:\Windows\system32;C:\Windows;C:\Windows\System32\Wbem;C:\Windows\System32\WindowsPowerShell\v1.0\;C:\Program Files\Common Files\Thunder Network\KanKan\Codecs;D:\Windows7Master;C:\Program Files\Microsoft SQL Server\80\Tools\BINN;D:\tw\数据库\drivers;D:\tw\数据库\Shared\PowerBuilder;D:\tw\数据库\InfoMaker 10.0\Tutorial;D:\Program Files\Sybase\SQL Anywhere 9\drivers;D:\tw\数据库\Shared\DataDirect;D:\tw\数据库\Shared\Web Targets;D:\Program Files\Sybase\Shared\PowerBuilder;D:\Program Files\Sybase\InfoMaker 10.0\Tutorial;D:\Program Files\Sybase\SQL Anywhere 9\win32;D:\Program Files\Sybase\Shared\win32;D:\Program Files\Sybase\Shared\Sybase Central 4.3\win32;D:\Program Files\Sybase\Shared\Web Targets;D:\tw\数据库\POWERBUILDER\Shared\PowerBuilder;D:\tw\数据库\POWERBUILDER\InfoMaker 10.0\Tutorial;D:\tw\数据库\POWERBUILDER\Shared\Web Targets;;D:\Program Files\eclipse;
USERNAME=tw
OS=Windows_NT
PROCESSOR_IDENTIFIER=x86 Family 6 Model 23 Stepping 10, GenuineIntel



---------------  S Y S T E M  ---------------

OS: Windows 7 Build 7600 

CPU:total 2 (2 cores per cpu, 1 threads per core) family 6 model 23 stepping 10, cmov, cx8, fxsr, mmx, sse, sse2, sse3, ssse3, sse4.1

Memory: 4k page, physical 2096376k(430936k free), swap 6290680k(3826000k free)

vm_info: Java HotSpot(TM) Client VM (20.2-b06) for windows-x86 JRE (1.6.0_27-b07), built on Jul 19 2011 01:04:42 by "java_re" with MS VC++ 7.1 (VS2003)

time: Sun Jan 29 22:34:48 2012
elapsed time: 504 seconds

